<?xml version="1.0" encoding="UTF-8"?>
<testsuite xmlns:xsi="http://www.w3.org/2001/XMLSchema-instance" xsi:noNamespaceSchemaLocation="https://maven.apache.org/surefire/maven-surefire-plugin/xsd/surefire-test-report.xsd" version="3.0.2" name="com.customer.service.CustomerServiceApplicationTests" time="1.266" tests="1" errors="0" skipped="0" failures="0">
  <properties>
[...]
</properties>
  <testcase name="contextLoads" classname="com.customer.service.CustomerServiceApplicationTests" time="0.301">
    <system-out><![CDATA[19:45:45.899 [main] INFO org.springframework.test.context.support.AnnotationConfigContextLoaderUtils -- Could not detect default configuration classes for test class [com.customer.service.CustomerServiceApplicationTests]: CustomerServiceApplicationTests does not declare any static, non-private, non-final, nested classes annotated with @Configuration.
19:45:45.937 [main] INFO org.springframework.boot.test.context.SpringBootTestContextBootstrapper -- Found @SpringBootConfiguration com.customer.service.CustomerServiceApplication for test class com.customer.service.CustomerServiceApplicationTests

  .   ____          _            __ _ _
 /\\ / ___'_ __ _ _(_)_ __  __ _ \ \ \ \
( ( )\___ | '_ | '_| | '_ \/ _` | \ \ \ \
 \\/  ___)| |_)| | | | | || (_| |  ) ) ) )
  '  |____| .__|_| |_|_| |_\__, | / / / /
 =========|_|==============|___/=/_/_/_/

 :: Spring Boot ::                (v4.0.0)

2025-12-06T19:45:46.085-05:00  INFO 19925 --- [customer-service] [           main] c.c.s.CustomerServiceApplicationTests    : Starting CustomerServiceApplicationTests using Java 25.0.1 with PID 19925 (started by mirko in /Users/mirko/Documents/GitHub/customer-service)
2025-12-06T19:45:46.085-05:00  INFO 19925 --- [customer-service] [           main] c.c.s.CustomerServiceApplicationTests    : No active profile set, falling back to 1 default profile: "default"
2025-12-06T19:45:46.261-05:00  INFO 19925 --- [customer-service] [           main] .s.d.r.c.RepositoryConfigurationDelegate : Bootstrapping Spring Data R2DBC repositories in DEFAULT mode.
2025-12-06T19:45:46.305-05:00  INFO 19925 --- [customer-service] [           main] .s.d.r.c.RepositoryConfigurationDelegate : Finished Spring Data repository scanning in 41 ms. Found 1 R2DBC repository interface.
2025-12-06T19:45:46.798-05:00  INFO 19925 --- [customer-service] [           main] c.c.s.CustomerServiceApplicationTests    : Started CustomerServiceApplicationTests in 0.814 seconds (process running for 1.21)
]]></system-out>
    <system-err><![CDATA[Mockito is currently self-attaching to enable the inline-mock-maker. This will no longer work in future releases of the JDK. Please add Mockito as an agent to your build as described in Mockito's documentation: https://javadoc.io/doc/org.mockito/mockito-core/latest/org.mockito/org/mockito/Mockito.html#0.3
WARNING: A Java agent has been loaded dynamically (/Users/mirko/.m2/repository/net/bytebuddy/byte-buddy-agent/1.17.8/byte-buddy-agent-1.17.8.jar)
WARNING: If a serviceability tool is in use, please run with -XX:+EnableDynamicAgentLoading to hide this warning
WARNING: If a serviceability tool is not in use, please run with -Djdk.instrument.traceUsage for more information
WARNING: Dynamic loading of agents will be disallowed by default in a future release
]]></system-err>
  </testcase>
</testsuite>